<?xml version="1.0" encoding="UTF-8"?>
<testsuite xmlns:xsi="http://www.w3.org/2001/XMLSchema-instance" xsi:noNamespaceSchemaLocation="https://maven.apache.org/surefire/maven-surefire-plugin/xsd/surefire-test-report.xsd" name="com.example.spba.SpbaApiTest" time="9.787" tests="7" errors="5" skipped="0" failures="0">
  <properties>
[...]
</properties>
  <testcase name="testSet" classname="com.example.spba.SpbaApiTest" time="0.928"/>
  <testcase name="testIncr" classname="com.example.spba.SpbaApiTest" time="4.798"/>
  <testcase name="esBlogFindByTitle" classname="com.example.spba.SpbaApiTest" time="0.111">
    <error message="Connection refused: no further information; nested exception is java.lang.RuntimeException: Connection refused: no further information" type="org.springframework.dao.DataAccessResourceFailureException">org.springframework.dao.DataAccessResourceFailureException: Connection refused: no further information; nested exception is java.lang.RuntimeException: Connection refused: no further information
	at com.example.spba.SpbaApiTest.esBlogFindByTitle(SpbaApiTest.java:156)
Caused by: java.lang.RuntimeException: Connection refused: no further information
	at com.example.spba.SpbaApiTest.esBlogFindByTitle(SpbaApiTest.java:156)
Caused by: java.net.ConnectException: Connection refused: no further information
	at com.example.spba.SpbaApiTest.esBlogFindByTitle(SpbaApiTest.java:156)
Caused by: java.net.ConnectException: Connection refused: no further information
</error>
  </testcase>
  <testcase name="esBlogSave" classname="com.example.spba.SpbaApiTest" time="0.11">
    <error message="Connection refused: no further information; nested exception is java.lang.RuntimeException: Connection refused: no further information" type="org.springframework.dao.DataAccessResourceFailureException">org.springframework.dao.DataAccessResourceFailureException: Connection refused: no further information; nested exception is java.lang.RuntimeException: Connection refused: no further information
	at com.example.spba.SpbaApiTest.esBlogSave(SpbaApiTest.java:121)
Caused by: java.lang.RuntimeException: Connection refused: no further information
	at com.example.spba.SpbaApiTest.esBlogSave(SpbaApiTest.java:121)
Caused by: java.net.ConnectException: Connection refused: no further information
	at com.example.spba.SpbaApiTest.esBlogSave(SpbaApiTest.java:121)
Caused by: java.net.ConnectException: Connection refused: no further information
</error>
  </testcase>
  <testcase name="esBlogFindAll" classname="com.example.spba.SpbaApiTest" time="0.007">
    <error message="Connection refused: no further information; nested exception is java.lang.RuntimeException: Connection refused: no further information" type="org.springframework.dao.DataAccessResourceFailureException">org.springframework.dao.DataAccessResourceFailureException: Connection refused: no further information; nested exception is java.lang.RuntimeException: Connection refused: no further information
	at com.example.spba.SpbaApiTest.esBlogFindAll(SpbaApiTest.java:132)
Caused by: java.lang.RuntimeException: Connection refused: no further information
	at com.example.spba.SpbaApiTest.esBlogFindAll(SpbaApiTest.java:132)
Caused by: java.net.ConnectException: Connection refused: no further information
	at com.example.spba.SpbaApiTest.esBlogFindAll(SpbaApiTest.java:132)
Caused by: java.net.ConnectException: Connection refused: no further information
</error>
  </testcase>
  <testcase name="esBlogFindByTitleOrContent" classname="com.example.spba.SpbaApiTest" time="0.005">
    <error message="Connection refused: no further information; nested exception is java.lang.RuntimeException: Connection refused: no further information" type="org.springframework.dao.DataAccessResourceFailureException">org.springframework.dao.DataAccessResourceFailureException: Connection refused: no further information; nested exception is java.lang.RuntimeException: Connection refused: no further information
	at com.example.spba.SpbaApiTest.esBlogFindByTitleOrContent(SpbaApiTest.java:166)
Caused by: java.lang.RuntimeException: Connection refused: no further information
	at com.example.spba.SpbaApiTest.esBlogFindByTitleOrContent(SpbaApiTest.java:166)
Caused by: java.net.ConnectException: Connection refused: no further information
	at com.example.spba.SpbaApiTest.esBlogFindByTitleOrContent(SpbaApiTest.java:166)
Caused by: java.net.ConnectException: Connection refused: no further information
</error>
  </testcase>
  <testcase name="esBlogFindList" classname="com.example.spba.SpbaApiTest" time="0.01">
    <error message="Connection refused: no further information; nested exception is java.lang.RuntimeException: Connection refused: no further information" type="org.springframework.dao.DataAccessResourceFailureException">org.springframework.dao.DataAccessResourceFailureException: Connection refused: no further information; nested exception is java.lang.RuntimeException: Connection refused: no further information
	at com.example.spba.SpbaApiTest.esBlogFindList(SpbaApiTest.java:147)
Caused by: java.lang.RuntimeException: Connection refused: no further information
	at com.example.spba.SpbaApiTest.esBlogFindList(SpbaApiTest.java:147)
Caused by: java.net.ConnectException: Connection refused: no further information
	at com.example.spba.SpbaApiTest.esBlogFindList(SpbaApiTest.java:147)
Caused by: java.net.ConnectException: Connection refused: no further information
</error>
  </testcase>
</testsuite>